<?xml version="1.0" encoding="UTF-8"?>
<testng-results ignored="0" total="1" passed="1" failed="0" skipped="0">
  <reporter-output>
  </reporter-output>
  <suite started-at="2025-06-08T15:06:37 IST" name="Default suite" finished-at="2025-06-08T15:07:34 IST" duration-ms="57307">
    <groups>
    </groups>
    <test started-at="2025-06-08T15:06:37 IST" name="Default test" finished-at="2025-06-08T15:07:34 IST" duration-ms="57307">
      <class name="automation_exercise.AutomationExerciseTest">
        <test-method is-config="true" signature="setup()[pri:0, instance:automation_exercise.AutomationExerciseTest@18271936]" started-at="2025-06-08T15:06:37 IST" name="setup" finished-at="2025-06-08T15:06:41 IST" duration-ms="4490" status="PASS">
          <reporter-output>
          </reporter-output>
        </test-method> <!-- setup -->
        <test-method signature="fullTestFlow()[pri:0, instance:automation_exercise.AutomationExerciseTest@18271936]" started-at="2025-06-08T15:06:41 IST" name="fullTestFlow" finished-at="2025-06-08T15:07:33 IST" duration-ms="51922" status="PASS">
          <reporter-output>
          </reporter-output>
        </test-method> <!-- fullTestFlow -->
        <test-method is-config="true" signature="teardown()[pri:0, instance:automation_exercise.AutomationExerciseTest@18271936]" started-at="2025-06-08T15:07:33 IST" name="teardown" finished-at="2025-06-08T15:07:34 IST" duration-ms="836" status="PASS">
          <reporter-output>
          </reporter-output>
        </test-method> <!-- teardown -->
      </class> <!-- automation_exercise.AutomationExerciseTest -->
    </test> <!-- Default test -->
  </suite> <!-- Default suite -->
</testng-results>
