<?xml version="1.0" encoding="UTF-8"?>
<testng-results ignored="0" total="1" passed="1" failed="0" skipped="0">
  <reporter-output>
  </reporter-output>
  <suite started-at="2025-06-26T00:02:43 IST" name="Default suite" finished-at="2025-06-26T00:04:04 IST" duration-ms="80330">
    <groups>
    </groups>
    <test started-at="2025-06-26T00:02:43 IST" name="Default test" finished-at="2025-06-26T00:04:04 IST" duration-ms="80330">
      <class name="automation_exercise.AutomationExerciseTest">
        <test-method is-config="true" signature="setup()[pri:0, instance:automation_exercise.AutomationExerciseTest@72cc7e6f]" started-at="2025-06-26T00:02:43 IST" name="setup" finished-at="2025-06-26T00:02:49 IST" duration-ms="5617" status="PASS">
          <reporter-output>
          </reporter-output>
        </test-method> <!-- setup -->
        <test-method signature="fullTestFlow()[pri:0, instance:automation_exercise.AutomationExerciseTest@72cc7e6f]" started-at="2025-06-26T00:02:49 IST" name="fullTestFlow" finished-at="2025-06-26T00:04:03 IST" duration-ms="73819" status="PASS">
          <reporter-output>
          </reporter-output>
        </test-method> <!-- fullTestFlow -->
        <test-method is-config="true" signature="teardown()[pri:0, instance:automation_exercise.AutomationExerciseTest@72cc7e6f]" started-at="2025-06-26T00:04:03 IST" name="teardown" finished-at="2025-06-26T00:04:04 IST" duration-ms="830" status="PASS">
          <reporter-output>
          </reporter-output>
        </test-method> <!-- teardown -->
      </class> <!-- automation_exercise.AutomationExerciseTest -->
    </test> <!-- Default test -->
  </suite> <!-- Default suite -->
</testng-results>
